New log file opened at Sat Nov 14 00:31:28 EST 2015 by 3936@SkyFort
jvm 3936@SkyFort
jvm vmName=Java HotSpot(TM) 64-Bit Server VM vmVendor=Oracle Corporation vmVersion=25.65-b01
jvm specName=Java Virtual Machine Specification specVendor=Oracle Corporation specVersion=1.8
jvm arguments: [-Xms256m, -Xmx1024m, -XX:MetaspaceSize=64m, -XX:MaxMetaspaceSize=256m]
Starting event engine
Starting sbt command engine
Waiting for sbt command engine
Command engine arguments=List()
Command engine baseDirectory=C:\Users\Whale\Documents\Gitprojects\ToolsEXchange
Command engine initial remaining commands List(--initialize, onFailure load-failed, boot, server-send-ready-for-request, server-handle-next-server-request)
> --initialize
> initialize
> onFailure load-failed
> boot
> reload
[Loading] Scanning directory C:\Users\Whale\Documents\Gitprojects\ToolsEXchange\project
[Loading] Found non-root projects 
[Loading] Done in C:\Users\Whale\Documents\Gitprojects\ToolsEXchange\project, returning: ()
deducing auto plugins based on known facts Set(Atom(sbt.plugins.CorePlugin)) and clauses Clauses(List(Clause(Atom(sbt.plugins.JvmPlugin),Set(Atom(sbt.plugins.IvyPlugin))), Clause(Atom(sbt.plugins.JUnitXmlReportPlugin),Set(Atom(sbt.plugins.JvmPlugin))), Clause(Atom(sbt.plugins.CorePlugin),Set(Atom(sbt.plugins.IvyPlugin))), Clause(Atom(sbt.plugins.IvyPlugin),Set(Atom(sbt.plugins.JvmPlugin))), Clause(Atom(sbt.plugins.JvmPlugin),Set(Atom(sbt.plugins.JUnitXmlReportPlugin)))))
  :: deduced result: Matched(sbt.plugins.CorePlugin,sbt.plugins.IvyPlugin,sbt.plugins.JvmPlugin,sbt.plugins.JUnitXmlReportPlugin)
sorting: ns: List(sbt.plugins.CorePlugin, sbt.plugins.IvyPlugin, sbt.plugins.JvmPlugin, sbt.plugins.JUnitXmlReportPlugin)
  :: sorting:: found: List(sbt.plugins.CorePlugin) not found List(sbt.plugins.IvyPlugin, sbt.plugins.JvmPlugin, sbt.plugins.JUnitXmlReportPlugin)
  :: sorting:: found: List(sbt.plugins.CorePlugin, sbt.plugins.IvyPlugin) not found List(sbt.plugins.JvmPlugin, sbt.plugins.JUnitXmlReportPlugin)
  :: sorting:: found: List(sbt.plugins.CorePlugin, sbt.plugins.IvyPlugin, sbt.plugins.JvmPlugin) not found List(sbt.plugins.JUnitXmlReportPlugin)
  :: sorting:: found: List(sbt.plugins.CorePlugin, sbt.plugins.IvyPlugin, sbt.plugins.JvmPlugin, sbt.plugins.JUnitXmlReportPlugin) not found List()
  :: sorted deduced result: List(sbt.plugins.CorePlugin, sbt.plugins.IvyPlugin, sbt.plugins.JvmPlugin, sbt.plugins.JUnitXmlReportPlugin)
[Loading] Done in C:\Users\Whale\Documents\Gitprojects\ToolsEXchange\project, returning: (toolsexchange-build)
Loading project definition from C:\Users\Whale\Documents\Gitprojects\ToolsEXchange\project
Running task... Cancel: sbt.TaskCancellationStrategy$Null$@31b1f28, check cycles: false

Initial source changes: 
	removed:Set()
	added: Set()
	modified: Set()
Removed products: Set()
External API changes: API Changes: Set()
Modified binary dependencies: Set()
Initial directly invalidated sources: Set()

Sources indirectly invalidated by:
	product: Set()
	binary dep: Set()
	external source: Set()
All initially invalidated sources: Set()

Copy resource mappings: 
	
[Loading] Scanning directory C:\Users\Whale\Documents\Gitprojects\ToolsEXchange
[Loading] Found root project root w/ remaining 
deducing auto plugins based on known facts Set(Atom(play.sbt.PlayJava), Atom(play.ebean.sbt.PlayEbean), Atom(sbt.plugins.CorePlugin)) and clauses Clauses(List(Clause(Atom(sbt.plugins.JvmPlugin),Set(Atom(sbt.plugins.IvyPlugin))), Clause(Atom(sbt.plugins.JUnitXmlReportPlugin),Set(Atom(sbt.plugins.JvmPlugin))), Clause(Atom(play.sbt.forkrun.PlayForkRun),Set(Atom(sbt.plugins.BackgroundRunPlugin))), Clause(Atom(play.sbt.forkrun.PlayForkRun),Set(Atom(play.sbt.Play))), Clause(Atom(play.sbt.forkrun.PlayForkRun),Set(Atom(sbt.plugins.SerializersPlugin))), Clause(Atom(play.sbt.Play),Set(Atom(com.typesafe.sbt.packager.archetypes.JavaServerAppPackaging))), Clause(Atom(play.sbt.Play),Set(Atom(play.sbt.routes.RoutesCompiler))), Clause(Atom(play.sbt.Play),Set(Atom(play.twirl.sbt.SbtTwirl))), Clause(Atom(play.sbt.Play),Set(Atom(com.typesafe.sbt.jse.SbtJsTask))), Clause(Atom(play.sbt.PlayAkkaHttpServer),Set(Atom(play.sbt.Play))), Clause(Atom(play.sbt.PlayJava),Set(Atom(play.sbt.Play))), Clause(Atom(play.sbt.PlayLayoutPlugin),Set(Atom(play.sbt.Play))), Clause(Atom(play.sbt.PlayNettyServer),Set(Atom(play.sbt.Play))), Clause(Atom(play.sbt.PlayScala),Set(Atom(play.sbt.Play))), Clause(Atom(play.sbt.routes.RoutesCompiler),Set(Atom(sbt.plugins.JvmPlugin))), Clause(Atom(play.twirl.sbt.SbtTwirl),Set(Atom(sbt.plugins.JvmPlugin))), Clause(Atom(com.typesafe.sbt.packager.archetypes.AkkaAppPackaging),Set(Atom(com.typesafe.sbt.packager.archetypes.JavaAppPackaging))), Clause(Atom(com.typesafe.sbt.packager.archetypes.JavaAppPackaging),Set(Atom(com.typesafe.sbt.packager.windows.WindowsPlugin))), Clause(Atom(com.typesafe.sbt.packager.archetypes.JavaAppPackaging),Set(Atom(com.typesafe.sbt.packager.docker.DockerPlugin))), Clause(Atom(com.typesafe.sbt.packager.archetypes.JavaAppPackaging),Set(Atom(com.typesafe.sbt.packager.debian.DebianPlugin))), Clause(Atom(com.typesafe.sbt.packager.archetypes.JavaAppPackaging),Set(Atom(com.typesafe.sbt.packager.rpm.RpmPlugin))), Clause(Atom(com.typesafe.sbt.packager.archetypes.JavaServerAppPackaging),Set(Atom(com.typesafe.sbt.packager.archetypes.JavaAppPackaging))), Clause(Atom(com.typesafe.sbt.packager.archetypes.jar.ClasspathJarPlugin),Set(Atom(com.typesafe.sbt.packager.archetypes.JavaAppPackaging))), Clause(Atom(com.typesafe.sbt.packager.archetypes.jar.LauncherJarPlugin),Set(Atom(com.typesafe.sbt.packager.archetypes.JavaAppPackaging))), Clause(Atom(com.typesafe.sbt.packager.debian.DebianDeployPlugin),Set(Atom(com.typesafe.sbt.packager.debian.DebianPlugin))), Clause(Atom(com.typesafe.sbt.packager.debian.DebianPlugin),Set(Atom(com.typesafe.sbt.packager.linux.LinuxPlugin))), Clause(Atom(com.typesafe.sbt.packager.debian.JDebPackaging),Set(Atom(com.typesafe.sbt.packager.debian.DebianPlugin))), Clause(Atom(com.typesafe.sbt.packager.docker.DockerPlugin),Set(Atom(com.typesafe.sbt.packager.universal.UniversalPlugin))), Clause(Atom(com.typesafe.sbt.packager.jdkpackager.JDKPackagerDeployPlugin),Set(Atom(com.typesafe.sbt.packager.jdkpackager.JDKPackagerPlugin))), Clause(Atom(com.typesafe.sbt.packager.jdkpackager.JDKPackagerPlugin),Set(Atom(com.typesafe.sbt.packager.archetypes.JavaAppPackaging))), Clause(Atom(com.typesafe.sbt.packager.jdkpackager.JDKPackagerPlugin),Set(Atom(com.typesafe.sbt.packager.archetypes.jar.ClasspathJarPlugin))), Clause(Atom(com.typesafe.sbt.packager.linux.LinuxPlugin),Set(Atom(com.typesafe.sbt.packager.universal.UniversalPlugin))), Clause(Atom(com.typesafe.sbt.packager.rpm.RpmDeployPlugin),Set(Atom(com.typesafe.sbt.packager.rpm.RpmPlugin))), Clause(Atom(com.typesafe.sbt.packager.rpm.RpmPlugin),Set(Atom(com.typesafe.sbt.packager.linux.LinuxPlugin))), Clause(Atom(com.typesafe.sbt.packager.universal.UniversalDeployPlugin),Set(Atom(com.typesafe.sbt.packager.universal.UniversalPlugin))), Clause(Atom(com.typesafe.sbt.packager.universal.UniversalPlugin),Set(Atom(com.typesafe.sbt.SbtNativePackager))), Clause(Atom(com.typesafe.sbt.packager.windows.WindowsDeployPlugin),Set(Atom(com.typesafe.sbt.packager.windows.WindowsPlugin))), Clause(Atom(com.typesafe.sbt.packager.windows.WindowsPlugin),Set(Atom(com.typesafe.sbt.packager.universal.UniversalPlugin))), Clause(Atom(com.typesafe.sbt.web.SbtWeb),Set(Atom(sbt.plugins.JvmPlugin))), Clause(Atom(com.typesafe.sbt.jse.SbtJsEngine),Set(Atom(com.typesafe.sbt.web.SbtWeb))), Clause(Atom(com.typesafe.sbt.jse.SbtJsTask),Set(Atom(com.typesafe.sbt.jse.SbtJsEngine))), Clause(Atom(sbt.plugins.BackgroundRunPlugin),Set(Atom(sbt.plugins.JvmPlugin))), Clause(Atom(com.typesafe.sbt.coffeescript.SbtCoffeeScript),Set(Atom(com.typesafe.sbt.jse.SbtJsTask))), Clause(Atom(com.typesafe.sbt.less.SbtLess),Set(Atom(com.typesafe.sbt.jse.SbtJsTask))), Clause(Atom(com.typesafe.sbt.jshint.SbtJSHint),Set(Atom(com.typesafe.sbt.jse.SbtJsTask))), Clause(Atom(com.typesafe.sbt.rjs.SbtRjs),Set(Atom(com.typesafe.sbt.jse.SbtJsTask))), Clause(Atom(com.typesafe.sbt.digest.SbtDigest),Set(Atom(com.typesafe.sbt.web.SbtWeb))), Clause(Atom(com.typesafe.sbt.mocha.SbtMocha),Set(Atom(com.typesafe.sbt.jse.SbtJsTask))), Clause(Atom(com.typesafe.play.sbt.enhancer.PlayEnhancer),Set(Atom(sbt.plugins.JvmPlugin))), Clause(Atom(play.ebean.sbt.PlayEbean),Set(Atom(com.typesafe.play.sbt.enhancer.PlayEnhancer))), Clause(Atom(sbt.plugins.CorePlugin),Set(Atom(sbt.plugins.IvyPlugin))), Clause(Atom(sbt.plugins.IvyPlugin),Set(Atom(sbt.plugins.JvmPlugin))), Clause(Atom(sbt.plugins.JvmPlugin),Set(Atom(sbt.plugins.JUnitXmlReportPlugin))), Clause(And(Set(Atom(sbt.plugins.BackgroundRunPlugin), Atom(play.sbt.Play), Atom(sbt.plugins.SerializersPlugin))),Set(Atom(play.sbt.forkrun.PlayForkRun))), Clause(Atom(play.sbt.Play),Set(Atom(play.sbt.PlayLayoutPlugin))), Clause(Atom(play.sbt.Play),Set(Atom(play.sbt.PlayNettyServer))), Clause(Atom(com.typesafe.sbt.web.SbtWeb),Set(Atom(com.typesafe.sbt.jse.SbtJsEngine))), Clause(Atom(com.typesafe.sbt.jse.SbtJsEngine),Set(Atom(com.typesafe.sbt.jse.SbtJsTask))), Clause(Atom(sbt.plugins.JvmPlugin),Set(Atom(sbt.plugins.BackgroundRunPlugin))), Clause(Atom(sbt.plugins.CorePlugin),Set(Atom(sbt.plugins.InteractionServicePlugin))), Clause(Atom(sbt.plugins.CorePlugin),Set(Atom(sbt.plugins.SendEventServicePlugin))), Clause(Atom(sbt.plugins.CorePlugin),Set(Atom(sbt.plugins.SerializersPlugin))), Clause(Atom(com.typesafe.sbt.jse.SbtJsTask),Set(Atom(com.typesafe.sbt.coffeescript.SbtCoffeeScript))), Clause(Atom(com.typesafe.sbt.jse.SbtJsTask),Set(Atom(com.typesafe.sbt.less.SbtLess))), Clause(Atom(com.typesafe.sbt.jse.SbtJsTask),Set(Atom(com.typesafe.sbt.jshint.SbtJSHint))), Clause(Atom(com.typesafe.sbt.jse.SbtJsTask),Set(Atom(com.typesafe.sbt.rjs.SbtRjs))), Clause(Atom(com.typesafe.sbt.web.SbtWeb),Set(Atom(com.typesafe.sbt.digest.SbtDigest))), Clause(Atom(com.typesafe.sbt.jse.SbtJsTask),Set(Atom(com.typesafe.sbt.mocha.SbtMocha))), Clause(Atom(sbt.plugins.JvmPlugin),Set(Atom(com.typesafe.play.sbt.enhancer.PlayEnhancer)))))
  :: deduced result: Matched(sbt.plugins.CorePlugin,play.ebean.sbt.PlayEbean,play.sbt.PlayJava,com.typesafe.play.sbt.enhancer.PlayEnhancer,sbt.plugins.InteractionServicePlugin,sbt.plugins.SendEventServicePlugin,play.sbt.Play,sbt.plugins.SerializersPlugin,sbt.plugins.IvyPlugin,com.typesafe.sbt.packager.archetypes.JavaServerAppPackaging,play.twirl.sbt.SbtTwirl,sbt.plugins.JvmPlugin,play.sbt.PlayNettyServer,play.sbt.PlayLayoutPlugin,play.sbt.routes.RoutesCompiler,com.typesafe.sbt.jse.SbtJsTask,com.typesafe.sbt.jshint.SbtJSHint,com.typesafe.sbt.packager.archetypes.JavaAppPackaging,sbt.plugins.JUnitXmlReportPlugin,com.typesafe.sbt.mocha.SbtMocha,com.typesafe.sbt.less.SbtLess,com.typesafe.sbt.rjs.SbtRjs,com.typesafe.sbt.jse.SbtJsEngine,com.typesafe.sbt.coffeescript.SbtCoffeeScript,sbt.plugins.BackgroundRunPlugin,com.typesafe.sbt.packager.rpm.RpmPlugin,com.typesafe.sbt.packager.windows.WindowsPlugin,com.typesafe.sbt.web.SbtWeb,com.typesafe.sbt.packager.docker.DockerPlugin,play.sbt.forkrun.PlayForkRun,com.typesafe.sbt.packager.debian.DebianPlugin,com.typesafe.sbt.digest.SbtDigest,com.typesafe.sbt.packager.universal.UniversalPlugin,com.typesafe.sbt.packager.linux.LinuxPlugin,com.typesafe.sbt.SbtNativePackager)
sorting: ns: List(sbt.plugins.CorePlugin, play.ebean.sbt.PlayEbean, play.sbt.PlayJava, com.typesafe.play.sbt.enhancer.PlayEnhancer, sbt.plugins.InteractionServicePlugin, sbt.plugins.SendEventServicePlugin, play.sbt.Play, sbt.plugins.SerializersPlugin, sbt.plugins.IvyPlugin, com.typesafe.sbt.packager.archetypes.JavaServerAppPackaging, play.twirl.sbt.SbtTwirl, sbt.plugins.JvmPlugin, play.sbt.PlayNettyServer, play.sbt.PlayLayoutPlugin, play.sbt.routes.RoutesCompiler, com.typesafe.sbt.jse.SbtJsTask, com.typesafe.sbt.jshint.SbtJSHint, com.typesafe.sbt.packager.archetypes.JavaAppPackaging, sbt.plugins.JUnitXmlReportPlugin, com.typesafe.sbt.mocha.SbtMocha, com.typesafe.sbt.less.SbtLess, com.typesafe.sbt.rjs.SbtRjs, com.typesafe.sbt.jse.SbtJsEngine, com.typesafe.sbt.coffeescript.SbtCoffeeScript, sbt.plugins.BackgroundRunPlugin, com.typesafe.sbt.packager.rpm.RpmPlugin, com.typesafe.sbt.packager.windows.WindowsPlugin, com.typesafe.sbt.web.SbtWeb, com.typesafe.sbt.packager.docker.DockerPlugin, play.sbt.forkrun.PlayForkRun, com.typesafe.sbt.packager.debian.DebianPlugin, com.typesafe.sbt.digest.SbtDigest, com.typesafe.sbt.packager.universal.UniversalPlugin, com.typesafe.sbt.packager.linux.LinuxPlugin, com.typesafe.sbt.SbtNativePackager)
  :: sorting:: found: List(sbt.plugins.CorePlugin, com.typesafe.sbt.SbtNativePackager) not found List(play.ebean.sbt.PlayEbean, play.sbt.PlayJava, com.typesafe.play.sbt.enhancer.PlayEnhancer, sbt.plugins.InteractionServicePlugin, sbt.plugins.SendEventServicePlugin, play.sbt.Play, sbt.plugins.SerializersPlugin, sbt.plugins.IvyPlugin, com.typesafe.sbt.packager.archetypes.JavaServerAppPackaging, play.twirl.sbt.SbtTwirl, sbt.plugins.JvmPlugin, play.sbt.PlayNettyServer, play.sbt.PlayLayoutPlugin, play.sbt.routes.RoutesCompiler, com.typesafe.sbt.jse.SbtJsTask, com.typesafe.sbt.jshint.SbtJSHint, com.typesafe.sbt.packager.archetypes.JavaAppPackaging, sbt.plugins.JUnitXmlReportPlugin, com.typesafe.sbt.mocha.SbtMocha, com.typesafe.sbt.less.SbtLess, com.typesafe.sbt.rjs.SbtRjs, com.typesafe.sbt.jse.SbtJsEngine, com.typesafe.sbt.coffeescript.SbtCoffeeScript, sbt.plugins.BackgroundRunPlugin, com.typesafe.sbt.packager.rpm.RpmPlugin, com.typesafe.sbt.packager.windows.WindowsPlugin, com.typesafe.sbt.web.SbtWeb, com.typesafe.sbt.packager.docker.DockerPlugin, play.sbt.forkrun.PlayForkRun, com.typesafe.sbt.packager.debian.DebianPlugin, com.typesafe.sbt.digest.SbtDigest, com.typesafe.sbt.packager.universal.UniversalPlugin, com.typesafe.sbt.packager.linux.LinuxPlugin)
  :: sorting:: found: List(sbt.plugins.CorePlugin, com.typesafe.sbt.SbtNativePackager, sbt.plugins.InteractionServicePlugin, sbt.plugins.SendEventServicePlugin, sbt.plugins.SerializersPlugin, sbt.plugins.IvyPlugin, com.typesafe.sbt.packager.universal.UniversalPlugin) not found List(play.ebean.sbt.PlayEbean, play.sbt.PlayJava, com.typesafe.play.sbt.enhancer.PlayEnhancer, play.sbt.Play, com.typesafe.sbt.packager.archetypes.JavaServerAppPackaging, play.twirl.sbt.SbtTwirl, sbt.plugins.JvmPlugin, play.sbt.PlayNettyServer, play.sbt.PlayLayoutPlugin, play.sbt.routes.RoutesCompiler, com.typesafe.sbt.jse.SbtJsTask, com.typesafe.sbt.jshint.SbtJSHint, com.typesafe.sbt.packager.archetypes.JavaAppPackaging, sbt.plugins.JUnitXmlReportPlugin, com.typesafe.sbt.mocha.SbtMocha, com.typesafe.sbt.less.SbtLess, com.typesafe.sbt.rjs.SbtRjs, com.typesafe.sbt.jse.SbtJsEngine, com.typesafe.sbt.coffeescript.SbtCoffeeScript, sbt.plugins.BackgroundRunPlugin, com.typesafe.sbt.packager.rpm.RpmPlugin, com.typesafe.sbt.packager.windows.WindowsPlugin, com.typesafe.sbt.web.SbtWeb, com.typesafe.sbt.packager.docker.DockerPlugin, play.sbt.forkrun.PlayForkRun, com.typesafe.sbt.packager.debian.DebianPlugin, com.typesafe.sbt.digest.SbtDigest, com.typesafe.sbt.packager.linux.LinuxPlugin)
  :: sorting:: found: List(sbt.plugins.CorePlugin, com.typesafe.sbt.SbtNativePackager, sbt.plugins.InteractionServicePlugin, sbt.plugins.SendEventServicePlugin, sbt.plugins.SerializersPlugin, sbt.plugins.IvyPlugin, com.typesafe.sbt.packager.universal.UniversalPlugin, sbt.plugins.JvmPlugin, com.typesafe.sbt.packager.windows.WindowsPlugin, com.typesafe.sbt.packager.docker.DockerPlugin, com.typesafe.sbt.packager.linux.LinuxPlugin) not found List(play.ebean.sbt.PlayEbean, play.sbt.PlayJava, com.typesafe.play.sbt.enhancer.PlayEnhancer, play.sbt.Play, com.typesafe.sbt.packager.archetypes.JavaServerAppPackaging, play.twirl.sbt.SbtTwirl, play.sbt.PlayNettyServer, play.sbt.PlayLayoutPlugin, play.sbt.routes.RoutesCompiler, com.typesafe.sbt.jse.SbtJsTask, com.typesafe.sbt.jshint.SbtJSHint, com.typesafe.sbt.packager.archetypes.JavaAppPackaging, sbt.plugins.JUnitXmlReportPlugin, com.typesafe.sbt.mocha.SbtMocha, com.typesafe.sbt.less.SbtLess, com.typesafe.sbt.rjs.SbtRjs, com.typesafe.sbt.jse.SbtJsEngine, com.typesafe.sbt.coffeescript.SbtCoffeeScript, sbt.plugins.BackgroundRunPlugin, com.typesafe.sbt.packager.rpm.RpmPlugin, com.typesafe.sbt.web.SbtWeb, play.sbt.forkrun.PlayForkRun, com.typesafe.sbt.packager.debian.DebianPlugin, com.typesafe.sbt.digest.SbtDigest)
  :: sorting:: found: List(sbt.plugins.CorePlugin, com.typesafe.sbt.SbtNativePackager, sbt.plugins.InteractionServicePlugin, sbt.plugins.SendEventServicePlugin, sbt.plugins.SerializersPlugin, sbt.plugins.IvyPlugin, com.typesafe.sbt.packager.universal.UniversalPlugin, sbt.plugins.JvmPlugin, com.typesafe.sbt.packager.windows.WindowsPlugin, com.typesafe.sbt.packager.docker.DockerPlugin, com.typesafe.sbt.packager.linux.LinuxPlugin, com.typesafe.play.sbt.enhancer.PlayEnhancer, play.twirl.sbt.SbtTwirl, play.sbt.routes.RoutesCompiler, sbt.plugins.JUnitXmlReportPlugin, sbt.plugins.BackgroundRunPlugin, com.typesafe.sbt.packager.rpm.RpmPlugin, com.typesafe.sbt.web.SbtWeb, com.typesafe.sbt.packager.debian.DebianPlugin) not found List(play.ebean.sbt.PlayEbean, play.sbt.PlayJava, play.sbt.Play, com.typesafe.sbt.packager.archetypes.JavaServerAppPackaging, play.sbt.PlayNettyServer, play.sbt.PlayLayoutPlugin, com.typesafe.sbt.jse.SbtJsTask, com.typesafe.sbt.jshint.SbtJSHint, com.typesafe.sbt.packager.archetypes.JavaAppPackaging, com.typesafe.sbt.mocha.SbtMocha, com.typesafe.sbt.less.SbtLess, com.typesafe.sbt.rjs.SbtRjs, com.typesafe.sbt.jse.SbtJsEngine, com.typesafe.sbt.coffeescript.SbtCoffeeScript, play.sbt.forkrun.PlayForkRun, com.typesafe.sbt.digest.SbtDigest)
  :: sorting:: found: List(sbt.plugins.CorePlugin, com.typesafe.sbt.SbtNativePackager, sbt.plugins.InteractionServicePlugin, sbt.plugins.SendEventServicePlugin, sbt.plugins.SerializersPlugin, sbt.plugins.IvyPlugin, com.typesafe.sbt.packager.universal.UniversalPlugin, sbt.plugins.JvmPlugin, com.typesafe.sbt.packager.windows.WindowsPlugin, com.typesafe.sbt.packager.docker.DockerPlugin, com.typesafe.sbt.packager.linux.LinuxPlugin, com.typesafe.play.sbt.enhancer.PlayEnhancer, play.twirl.sbt.SbtTwirl, play.sbt.routes.RoutesCompiler, sbt.plugins.JUnitXmlReportPlugin, sbt.plugins.BackgroundRunPlugin, com.typesafe.sbt.packager.rpm.RpmPlugin, com.typesafe.sbt.web.SbtWeb, com.typesafe.sbt.packager.debian.DebianPlugin, play.ebean.sbt.PlayEbean, com.typesafe.sbt.packager.archetypes.JavaAppPackaging, com.typesafe.sbt.jse.SbtJsEngine, com.typesafe.sbt.digest.SbtDigest) not found List(play.sbt.PlayJava, play.sbt.Play, com.typesafe.sbt.packager.archetypes.JavaServerAppPackaging, play.sbt.PlayNettyServer, play.sbt.PlayLayoutPlugin, com.typesafe.sbt.jse.SbtJsTask, com.typesafe.sbt.jshint.SbtJSHint, com.typesafe.sbt.mocha.SbtMocha, com.typesafe.sbt.less.SbtLess, com.typesafe.sbt.rjs.SbtRjs, com.typesafe.sbt.coffeescript.SbtCoffeeScript, play.sbt.forkrun.PlayForkRun)
  :: sorting:: found: List(sbt.plugins.CorePlugin, com.typesafe.sbt.SbtNativePackager, sbt.plugins.InteractionServicePlugin, sbt.plugins.SendEventServicePlugin, sbt.plugins.SerializersPlugin, sbt.plugins.IvyPlugin, com.typesafe.sbt.packager.universal.UniversalPlugin, sbt.plugins.JvmPlugin, com.typesafe.sbt.packager.windows.WindowsPlugin, com.typesafe.sbt.packager.docker.DockerPlugin, com.typesafe.sbt.packager.linux.LinuxPlugin, com.typesafe.play.sbt.enhancer.PlayEnhancer, play.twirl.sbt.SbtTwirl, play.sbt.routes.RoutesCompiler, sbt.plugins.JUnitXmlReportPlugin, sbt.plugins.BackgroundRunPlugin, com.typesafe.sbt.packager.rpm.RpmPlugin, com.typesafe.sbt.web.SbtWeb, com.typesafe.sbt.packager.debian.DebianPlugin, play.ebean.sbt.PlayEbean, com.typesafe.sbt.packager.archetypes.JavaAppPackaging, com.typesafe.sbt.jse.SbtJsEngine, com.typesafe.sbt.digest.SbtDigest, com.typesafe.sbt.packager.archetypes.JavaServerAppPackaging, com.typesafe.sbt.jse.SbtJsTask) not found List(play.sbt.PlayJava, play.sbt.Play, play.sbt.PlayNettyServer, play.sbt.PlayLayoutPlugin, com.typesafe.sbt.jshint.SbtJSHint, com.typesafe.sbt.mocha.SbtMocha, com.typesafe.sbt.less.SbtLess, com.typesafe.sbt.rjs.SbtRjs, com.typesafe.sbt.coffeescript.SbtCoffeeScript, play.sbt.forkrun.PlayForkRun)
  :: sorting:: found: List(sbt.plugins.CorePlugin, com.typesafe.sbt.SbtNativePackager, sbt.plugins.InteractionServicePlugin, sbt.plugins.SendEventServicePlugin, sbt.plugins.SerializersPlugin, sbt.plugins.IvyPlugin, com.typesafe.sbt.packager.universal.UniversalPlugin, sbt.plugins.JvmPlugin, com.typesafe.sbt.packager.windows.WindowsPlugin, com.typesafe.sbt.packager.docker.DockerPlugin, com.typesafe.sbt.packager.linux.LinuxPlugin, com.typesafe.play.sbt.enhancer.PlayEnhancer, play.twirl.sbt.SbtTwirl, play.sbt.routes.RoutesCompiler, sbt.plugins.JUnitXmlReportPlugin, sbt.plugins.BackgroundRunPlugin, com.typesafe.sbt.packager.rpm.RpmPlugin, com.typesafe.sbt.web.SbtWeb, com.typesafe.sbt.packager.debian.DebianPlugin, play.ebean.sbt.PlayEbean, com.typesafe.sbt.packager.archetypes.JavaAppPackaging, com.typesafe.sbt.jse.SbtJsEngine, com.typesafe.sbt.digest.SbtDigest, com.typesafe.sbt.packager.archetypes.JavaServerAppPackaging, com.typesafe.sbt.jse.SbtJsTask, play.sbt.Play, com.typesafe.sbt.jshint.SbtJSHint, com.typesafe.sbt.mocha.SbtMocha, com.typesafe.sbt.less.SbtLess, com.typesafe.sbt.rjs.SbtRjs, com.typesafe.sbt.coffeescript.SbtCoffeeScript) not found List(play.sbt.PlayJava, play.sbt.PlayNettyServer, play.sbt.PlayLayoutPlugin, play.sbt.forkrun.PlayForkRun)
  :: sorting:: found: List(sbt.plugins.CorePlugin, com.typesafe.sbt.SbtNativePackager, sbt.plugins.InteractionServicePlugin, sbt.plugins.SendEventServicePlugin, sbt.plugins.SerializersPlugin, sbt.plugins.IvyPlugin, com.typesafe.sbt.packager.universal.UniversalPlugin, sbt.plugins.JvmPlugin, com.typesafe.sbt.packager.windows.WindowsPlugin, com.typesafe.sbt.packager.docker.DockerPlugin, com.typesafe.sbt.packager.linux.LinuxPlugin, com.typesafe.play.sbt.enhancer.PlayEnhancer, play.twirl.sbt.SbtTwirl, play.sbt.routes.RoutesCompiler, sbt.plugins.JUnitXmlReportPlugin, sbt.plugins.BackgroundRunPlugin, com.typesafe.sbt.packager.rpm.RpmPlugin, com.typesafe.sbt.web.SbtWeb, com.typesafe.sbt.packager.debian.DebianPlugin, play.ebean.sbt.PlayEbean, com.typesafe.sbt.packager.archetypes.JavaAppPackaging, com.typesafe.sbt.jse.SbtJsEngine, com.typesafe.sbt.digest.SbtDigest, com.typesafe.sbt.packager.archetypes.JavaServerAppPackaging, com.typesafe.sbt.jse.SbtJsTask, play.sbt.Play, com.typesafe.sbt.jshint.SbtJSHint, com.typesafe.sbt.mocha.SbtMocha, com.typesafe.sbt.less.SbtLess, com.typesafe.sbt.rjs.SbtRjs, com.typesafe.sbt.coffeescript.SbtCoffeeScript, play.sbt.PlayJava, play.sbt.PlayNettyServer, play.sbt.PlayLayoutPlugin, play.sbt.forkrun.PlayForkRun) not found List()
  :: sorted deduced result: List(sbt.plugins.CorePlugin, com.typesafe.sbt.SbtNativePackager, sbt.plugins.InteractionServicePlugin, sbt.plugins.SendEventServicePlugin, sbt.plugins.SerializersPlugin, sbt.plugins.IvyPlugin, com.typesafe.sbt.packager.universal.UniversalPlugin, sbt.plugins.JvmPlugin, com.typesafe.sbt.packager.windows.WindowsPlugin, com.typesafe.sbt.packager.docker.DockerPlugin, com.typesafe.sbt.packager.linux.LinuxPlugin, com.typesafe.play.sbt.enhancer.PlayEnhancer, play.twirl.sbt.SbtTwirl, play.sbt.routes.RoutesCompiler, sbt.plugins.JUnitXmlReportPlugin, sbt.plugins.BackgroundRunPlugin, com.typesafe.sbt.packager.rpm.RpmPlugin, com.typesafe.sbt.web.SbtWeb, com.typesafe.sbt.packager.debian.DebianPlugin, play.ebean.sbt.PlayEbean, com.typesafe.sbt.packager.archetypes.JavaAppPackaging, com.typesafe.sbt.jse.SbtJsEngine, com.typesafe.sbt.digest.SbtDigest, com.typesafe.sbt.packager.archetypes.JavaServerAppPackaging, com.typesafe.sbt.jse.SbtJsTask, play.sbt.Play, com.typesafe.sbt.jshint.SbtJSHint, com.typesafe.sbt.mocha.SbtMocha, com.typesafe.sbt.less.SbtLess, com.typesafe.sbt.rjs.SbtRjs, com.typesafe.sbt.coffeescript.SbtCoffeeScript, play.sbt.PlayJava, play.sbt.PlayNettyServer, play.sbt.PlayLayoutPlugin, play.sbt.forkrun.PlayForkRun)
[Loading] Done in C:\Users\Whale\Documents\Gitprojects\ToolsEXchange, returning: (root)
Set current project to ToolsEXchange (in build file:/C:/Users/Whale/Documents/Gitprojects/ToolsEXchange/)
Reapplying settings...
Set current project to ToolsEXchange (in build file:/C:/Users/Whale/Documents/Gitprojects/ToolsEXchange/)
> iflast shell
> server-send-ready-for-request
> server-handle-next-server-request
> compile
Evaluating tasks: compile:compile
Running task... Cancel: sbt.server.ServerTaskCancellation@1d32494a, check cycles: false

Initial source changes: 
	removed:Set()
	added: Set(C:\Users\Whale\Documents\Gitprojects\ToolsEXchange\app\models\Account.java, C:\Users\Whale\Documents\Gitprojects\ToolsEXchange\app\models\Admin.java, C:\Users\Whale\Documents\Gitprojects\ToolsEXchange\app\models\Tool.java)
	modified: Set(C:\Users\Whale\Documents\Gitprojects\ToolsEXchange\app\models\User.java)
Removed products: Set()
External API changes: API Changes: Set()
Modified binary dependencies: Set()
Initial directly invalidated sources: Set(C:\Users\Whale\Documents\Gitprojects\ToolsEXchange\app\models\Account.java, C:\Users\Whale\Documents\Gitprojects\ToolsEXchange\app\models\Admin.java, C:\Users\Whale\Documents\Gitprojects\ToolsEXchange\app\models\Tool.java, C:\Users\Whale\Documents\Gitprojects\ToolsEXchange\app\models\User.java)

Sources indirectly invalidated by:
	product: Set()
	binary dep: Set()
	external source: Set()
All initially invalidated sources: Set(C:\Users\Whale\Documents\Gitprojects\ToolsEXchange\app\models\Account.java, C:\Users\Whale\Documents\Gitprojects\ToolsEXchange\app\models\Admin.java, C:\Users\Whale\Documents\Gitprojects\ToolsEXchange\app\models\Tool.java, C:\Users\Whale\Documents\Gitprojects\ToolsEXchange\app\models\User.java)

Read from stdout: Compiling 4 Java sources to C:\Users\Whale\Documents\Gitprojects\ToolsEXchange\target\scala-2.11\classes...
Compiling 4 Java sources to C:\Users\Whale\Documents\Gitprojects\ToolsEXchange\target\scala-2.11\classes...
Read from stdout: C:\Users\Whale\Documents\Gitprojects\ToolsEXchange\app\models\Account.java:7:  error: cannot find symbol
C:\Users\Whale\Documents\Gitprojects\ToolsEXchange\app\models\Account.java:7:  error: cannot find symbol
Read from stdout: public class Account  extends Model {
Read from stdout: ^
public class Account  extends Model {
                              ^
Read from stdout: (compile:compileIncremental) javac returned nonzero exit code
(compile:compileIncremental) javac returned nonzero exit code
Total time: 2 s, completed Nov 14, 2015 12:31:34 AM
> server-post-command-error-handler
> server-post-command-cleanup
> server-handle-next-server-request
> {file:/C:/Users/Whale/Documents/Gitprojects/ToolsEXchange/}root/compile:discoveredMainClasses
Evaluating tasks: compile:discoveredMainClasses
Running task... Cancel: sbt.server.ServerTaskCancellation@768e7d5b, check cycles: false

Initial source changes: 
	removed:Set()
	added: Set(C:\Users\Whale\Documents\Gitprojects\ToolsEXchange\app\models\Account.java, C:\Users\Whale\Documents\Gitprojects\ToolsEXchange\app\models\Admin.java, C:\Users\Whale\Documents\Gitprojects\ToolsEXchange\app\models\Tool.java)
	modified: Set(C:\Users\Whale\Documents\Gitprojects\ToolsEXchange\app\models\User.java)
Removed products: Set()
External API changes: API Changes: Set()
Modified binary dependencies: Set()
Initial directly invalidated sources: Set(C:\Users\Whale\Documents\Gitprojects\ToolsEXchange\app\models\Account.java, C:\Users\Whale\Documents\Gitprojects\ToolsEXchange\app\models\Admin.java, C:\Users\Whale\Documents\Gitprojects\ToolsEXchange\app\models\Tool.java, C:\Users\Whale\Documents\Gitprojects\ToolsEXchange\app\models\User.java)

Sources indirectly invalidated by:
	product: Set()
	binary dep: Set()
	external source: Set()
All initially invalidated sources: Set(C:\Users\Whale\Documents\Gitprojects\ToolsEXchange\app\models\Account.java, C:\Users\Whale\Documents\Gitprojects\ToolsEXchange\app\models\Admin.java, C:\Users\Whale\Documents\Gitprojects\ToolsEXchange\app\models\Tool.java, C:\Users\Whale\Documents\Gitprojects\ToolsEXchange\app\models\User.java)

Read from stdout: Compiling 4 Java sources to C:\Users\Whale\Documents\Gitprojects\ToolsEXchange\target\scala-2.11\classes...
Compiling 4 Java sources to C:\Users\Whale\Documents\Gitprojects\ToolsEXchange\target\scala-2.11\classes...
Read from stdout: C:\Users\Whale\Documents\Gitprojects\ToolsEXchange\app\models\Account.java:7:  error: cannot find symbol
C:\Users\Whale\Documents\Gitprojects\ToolsEXchange\app\models\Account.java:7:  error: cannot find symbol
Read from stdout: public class Account  extends Model {
Read from stdout: ^
public class Account  extends Model {
                              ^
Read from stdout: (compile:compileIncremental) javac returned nonzero exit code
(compile:compileIncremental) javac returned nonzero exit code
Total time: 1 s, completed Nov 14, 2015 12:31:35 AM
> server-post-command-error-handler
> server-post-command-cleanup
> server-handle-next-server-request
> {file:/C:/Users/Whale/Documents/Gitprojects/ToolsEXchange/}root/compile:mainClass
Evaluating tasks: compile:mainClass
Running task... Cancel: sbt.server.ServerTaskCancellation@5a9a9b35, check cycles: false
Total time: 0 s, completed Nov 14, 2015 12:31:35 AM
> server-post-command-cleanup
> server-handle-next-server-request
> {file:/C:/Users/Whale/Documents/Gitprojects/ToolsEXchange/}root/compile:discoveredMainClasses
Evaluating tasks: compile:discoveredMainClasses
Running task... Cancel: sbt.server.ServerTaskCancellation@5c7afa77, check cycles: false

Initial source changes: 
	removed:Set()
	added: Set(C:\Users\Whale\Documents\Gitprojects\ToolsEXchange\app\models\Account.java, C:\Users\Whale\Documents\Gitprojects\ToolsEXchange\app\models\Admin.java, C:\Users\Whale\Documents\Gitprojects\ToolsEXchange\app\models\Tool.java)
	modified: Set(C:\Users\Whale\Documents\Gitprojects\ToolsEXchange\app\models\User.java)
Removed products: Set()
External API changes: API Changes: Set()
Modified binary dependencies: Set()
Initial directly invalidated sources: Set(C:\Users\Whale\Documents\Gitprojects\ToolsEXchange\app\models\Account.java, C:\Users\Whale\Documents\Gitprojects\ToolsEXchange\app\models\Admin.java, C:\Users\Whale\Documents\Gitprojects\ToolsEXchange\app\models\Tool.java, C:\Users\Whale\Documents\Gitprojects\ToolsEXchange\app\models\User.java)

Sources indirectly invalidated by:
	product: Set()
	binary dep: Set()
	external source: Set()
All initially invalidated sources: Set(C:\Users\Whale\Documents\Gitprojects\ToolsEXchange\app\models\Account.java, C:\Users\Whale\Documents\Gitprojects\ToolsEXchange\app\models\Admin.java, C:\Users\Whale\Documents\Gitprojects\ToolsEXchange\app\models\Tool.java, C:\Users\Whale\Documents\Gitprojects\ToolsEXchange\app\models\User.java)

Read from stdout: Compiling 4 Java sources to C:\Users\Whale\Documents\Gitprojects\ToolsEXchange\target\scala-2.11\classes...
Compiling 4 Java sources to C:\Users\Whale\Documents\Gitprojects\ToolsEXchange\target\scala-2.11\classes...
Read from stdout: C:\Users\Whale\Documents\Gitprojects\ToolsEXchange\app\models\Account.java:7:  error: cannot find symbol
C:\Users\Whale\Documents\Gitprojects\ToolsEXchange\app\models\Account.java:7:  error: cannot find symbol
Read from stdout: public class Account  extends Model {
Read from stdout: ^
public class Account  extends Model {
                              ^
Read from stdout: (compile:compileIncremental) javac returned nonzero exit code
(compile:compileIncremental) javac returned nonzero exit code
Total time: 1 s, completed Nov 14, 2015 12:31:36 AM
> server-post-command-error-handler
> server-post-command-cleanup
> server-handle-next-server-request
> {file:/C:/Users/Whale/Documents/Gitprojects/ToolsEXchange/}root/compile:mainClass
Evaluating tasks: compile:mainClass
Running task... Cancel: sbt.server.ServerTaskCancellation@77262ae7, check cycles: false
Total time: 0 s, completed Nov 14, 2015 12:31:36 AM
> server-post-command-cleanup
> server-handle-next-server-request
> backgroundRun
Evaluating tasks: compile:backgroundRun
Running task... Cancel: sbt.server.ServerTaskCancellation@7d691cc5, check cycles: false
Total time: 0 s, completed Nov 14, 2015 12:31:42 AM
> server-post-command-cleanup
> server-handle-next-server-request
> {file:/C:/Users/Whale/Documents/Gitprojects/ToolsEXchange/}root/*:playForkConfig
Evaluating tasks: *:playForkConfig
Running task... Cancel: sbt.server.ServerTaskCancellation@38f3a873, check cycles: false
Total time: 0 s, completed Nov 14, 2015 12:31:45 AM
> server-post-command-cleanup
> server-handle-next-server-request
> root/playForkNotifyStart http://localhost:9000
Evaluating tasks: *:playForkNotifyStart
Running task... Cancel: sbt.server.ServerTaskCancellation@730b6346, check cycles: false
Total time: 0 s, completed Nov 14, 2015 12:31:46 AM
> server-post-command-cleanup
> server-handle-next-server-request
> {file:/C:/Users/Whale/Documents/Gitprojects/ToolsEXchange/}root/*:playForkReload
Evaluating tasks: *:playForkReload
Running task... Cancel: sbt.server.ServerTaskCancellation@785aabc, check cycles: false

Initial source changes: 
	removed:Set()
	added: Set(C:\Users\Whale\Documents\Gitprojects\ToolsEXchange\app\models\Account.java, C:\Users\Whale\Documents\Gitprojects\ToolsEXchange\app\models\Admin.java, C:\Users\Whale\Documents\Gitprojects\ToolsEXchange\app\models\Tool.java)
	modified: Set(C:\Users\Whale\Documents\Gitprojects\ToolsEXchange\app\models\User.java)
Removed products: Set()
External API changes: API Changes: Set()
Modified binary dependencies: Set()
Initial directly invalidated sources: Set(C:\Users\Whale\Documents\Gitprojects\ToolsEXchange\app\models\Account.java, C:\Users\Whale\Documents\Gitprojects\ToolsEXchange\app\models\Admin.java, C:\Users\Whale\Documents\Gitprojects\ToolsEXchange\app\models\Tool.java, C:\Users\Whale\Documents\Gitprojects\ToolsEXchange\app\models\User.java)

Sources indirectly invalidated by:
	product: Set()
	binary dep: Set()
	external source: Set()
All initially invalidated sources: Set(C:\Users\Whale\Documents\Gitprojects\ToolsEXchange\app\models\Account.java, C:\Users\Whale\Documents\Gitprojects\ToolsEXchange\app\models\Admin.java, C:\Users\Whale\Documents\Gitprojects\ToolsEXchange\app\models\Tool.java, C:\Users\Whale\Documents\Gitprojects\ToolsEXchange\app\models\User.java)

Read from stdout: Compiling 4 Java sources to C:\Users\Whale\Documents\Gitprojects\ToolsEXchange\target\scala-2.11\classes...
Compiling 4 Java sources to C:\Users\Whale\Documents\Gitprojects\ToolsEXchange\target\scala-2.11\classes...
Read from stdout: C:\Users\Whale\Documents\Gitprojects\ToolsEXchange\app\models\Account.java:7:  error: cannot find symbol
C:\Users\Whale\Documents\Gitprojects\ToolsEXchange\app\models\Account.java:7:  error: cannot find symbol
Read from stdout: public class Account  extends Model {
Read from stdout: ^
public class Account  extends Model {
                              ^
Total time: 1 s, completed Nov 14, 2015 12:31:52 AM
> server-post-command-cleanup
> server-handle-next-server-request
> compile
Evaluating tasks: compile:compile
Running task... Cancel: sbt.server.ServerTaskCancellation@3ce157c2, check cycles: false

Initial source changes: 
	removed:Set()
	added: Set(C:\Users\Whale\Documents\Gitprojects\ToolsEXchange\app\models\Account.java, C:\Users\Whale\Documents\Gitprojects\ToolsEXchange\app\models\Admin.java, C:\Users\Whale\Documents\Gitprojects\ToolsEXchange\app\models\Tool.java)
	modified: Set(C:\Users\Whale\Documents\Gitprojects\ToolsEXchange\app\models\User.java)
Removed products: Set()
External API changes: API Changes: Set()
Modified binary dependencies: Set()
Initial directly invalidated sources: Set(C:\Users\Whale\Documents\Gitprojects\ToolsEXchange\app\models\Account.java, C:\Users\Whale\Documents\Gitprojects\ToolsEXchange\app\models\Admin.java, C:\Users\Whale\Documents\Gitprojects\ToolsEXchange\app\models\Tool.java, C:\Users\Whale\Documents\Gitprojects\ToolsEXchange\app\models\User.java)

Sources indirectly invalidated by:
	product: Set()
	binary dep: Set()
	external source: Set()
All initially invalidated sources: Set(C:\Users\Whale\Documents\Gitprojects\ToolsEXchange\app\models\Account.java, C:\Users\Whale\Documents\Gitprojects\ToolsEXchange\app\models\Admin.java, C:\Users\Whale\Documents\Gitprojects\ToolsEXchange\app\models\Tool.java, C:\Users\Whale\Documents\Gitprojects\ToolsEXchange\app\models\User.java)

Read from stdout: Compiling 4 Java sources to C:\Users\Whale\Documents\Gitprojects\ToolsEXchange\target\scala-2.11\classes...
Compiling 4 Java sources to C:\Users\Whale\Documents\Gitprojects\ToolsEXchange\target\scala-2.11\classes...
Read from stdout: C:\Users\Whale\Documents\Gitprojects\ToolsEXchange\app\models\Account.java:5:  error: package javax.enterprise.inject does not exist
C:\Users\Whale\Documents\Gitprojects\ToolsEXchange\app\models\Account.java:5:  error: package javax.enterprise.inject does not exist
Read from stdout: import javax.enterprise.inject.Model;
Read from stdout: ^
import javax.enterprise.inject.Model;
                              ^
Read from stdout: C:\Users\Whale\Documents\Gitprojects\ToolsEXchange\app\models\Account.java:15:  error: cannot find symbol
C:\Users\Whale\Documents\Gitprojects\ToolsEXchange\app\models\Account.java:15:  error: cannot find symbol
Read from stdout: public class Account  extends Model {
Read from stdout: ^
public class Account  extends Model {
                              ^
Read from stdout: (compile:compileIncremental) javac returned nonzero exit code
(compile:compileIncremental) javac returned nonzero exit code
Total time: 1 s, completed Nov 14, 2015 12:34:01 AM
> server-post-command-error-handler
> server-post-command-cleanup
> server-handle-next-server-request
> compile
Evaluating tasks: compile:compile
Running task... Cancel: sbt.server.ServerTaskCancellation@2c9a065a, check cycles: false

Initial source changes: 
	removed:Set()
	added: Set(C:\Users\Whale\Documents\Gitprojects\ToolsEXchange\app\models\Account.java, C:\Users\Whale\Documents\Gitprojects\ToolsEXchange\app\models\Admin.java, C:\Users\Whale\Documents\Gitprojects\ToolsEXchange\app\models\Tool.java)
	modified: Set(C:\Users\Whale\Documents\Gitprojects\ToolsEXchange\app\models\User.java)
Removed products: Set()
External API changes: API Changes: Set()
Modified binary dependencies: Set()
Initial directly invalidated sources: Set(C:\Users\Whale\Documents\Gitprojects\ToolsEXchange\app\models\Account.java, C:\Users\Whale\Documents\Gitprojects\ToolsEXchange\app\models\Admin.java, C:\Users\Whale\Documents\Gitprojects\ToolsEXchange\app\models\Tool.java, C:\Users\Whale\Documents\Gitprojects\ToolsEXchange\app\models\User.java)

Sources indirectly invalidated by:
	product: Set()
	binary dep: Set()
	external source: Set()
All initially invalidated sources: Set(C:\Users\Whale\Documents\Gitprojects\ToolsEXchange\app\models\Account.java, C:\Users\Whale\Documents\Gitprojects\ToolsEXchange\app\models\Admin.java, C:\Users\Whale\Documents\Gitprojects\ToolsEXchange\app\models\Tool.java, C:\Users\Whale\Documents\Gitprojects\ToolsEXchange\app\models\User.java)

Read from stdout: Compiling 4 Java sources to C:\Users\Whale\Documents\Gitprojects\ToolsEXchange\target\scala-2.11\classes...
Compiling 4 Java sources to C:\Users\Whale\Documents\Gitprojects\ToolsEXchange\target\scala-2.11\classes...
Read from stdout: C:\Users\Whale\Documents\Gitprojects\ToolsEXchange\app\models\Account.java:6:  error: cannot find symbol
C:\Users\Whale\Documents\Gitprojects\ToolsEXchange\app\models\Account.java:6:  error: cannot find symbol
Read from stdout: import java.util;
Read from stdout: ^
import java.util;
           ^
Read from stdout: (compile:compileIncremental) javac returned nonzero exit code
(compile:compileIncremental) javac returned nonzero exit code
Total time: 1 s, completed Nov 14, 2015 12:41:27 AM
> server-post-command-error-handler
> server-post-command-cleanup
> server-handle-next-server-request
> {file:/C:/Users/Whale/Documents/Gitprojects/ToolsEXchange/}root/*:playForkReload
Evaluating tasks: *:playForkReload
Running task... Cancel: sbt.server.ServerTaskCancellation@17741e3a, check cycles: false

Initial source changes: 
	removed:Set()
	added: Set(C:\Users\Whale\Documents\Gitprojects\ToolsEXchange\app\models\Account.java, C:\Users\Whale\Documents\Gitprojects\ToolsEXchange\app\models\Admin.java, C:\Users\Whale\Documents\Gitprojects\ToolsEXchange\app\models\Tool.java)
	modified: Set(C:\Users\Whale\Documents\Gitprojects\ToolsEXchange\app\models\User.java)
Removed products: Set()
External API changes: API Changes: Set()
Modified binary dependencies: Set()
Initial directly invalidated sources: Set(C:\Users\Whale\Documents\Gitprojects\ToolsEXchange\app\models\Account.java, C:\Users\Whale\Documents\Gitprojects\ToolsEXchange\app\models\Admin.java, C:\Users\Whale\Documents\Gitprojects\ToolsEXchange\app\models\Tool.java, C:\Users\Whale\Documents\Gitprojects\ToolsEXchange\app\models\User.java)

Sources indirectly invalidated by:
	product: Set()
	binary dep: Set()
	external source: Set()
All initially invalidated sources: Set(C:\Users\Whale\Documents\Gitprojects\ToolsEXchange\app\models\Account.java, C:\Users\Whale\Documents\Gitprojects\ToolsEXchange\app\models\Admin.java, C:\Users\Whale\Documents\Gitprojects\ToolsEXchange\app\models\Tool.java, C:\Users\Whale\Documents\Gitprojects\ToolsEXchange\app\models\User.java)

Read from stdout: Compiling 4 Java sources to C:\Users\Whale\Documents\Gitprojects\ToolsEXchange\target\scala-2.11\classes...
Compiling 4 Java sources to C:\Users\Whale\Documents\Gitprojects\ToolsEXchange\target\scala-2.11\classes...
Read from stdout: C:\Users\Whale\Documents\Gitprojects\ToolsEXchange\app\models\Account.java:6:  error: cannot find symbol
C:\Users\Whale\Documents\Gitprojects\ToolsEXchange\app\models\Account.java:6:  error: cannot find symbol
Read from stdout: import java.util;
Read from stdout: ^
import java.util;
           ^
Total time: 1 s, completed Nov 14, 2015 12:41:29 AM
> server-post-command-cleanup
> server-handle-next-server-request
> compile
Evaluating tasks: compile:compile
Running task... Cancel: sbt.server.ServerTaskCancellation@15f2a858, check cycles: false

Initial source changes: 
	removed:Set()
	added: Set(C:\Users\Whale\Documents\Gitprojects\ToolsEXchange\app\models\Account.java, C:\Users\Whale\Documents\Gitprojects\ToolsEXchange\app\models\Admin.java, C:\Users\Whale\Documents\Gitprojects\ToolsEXchange\app\models\Tool.java)
	modified: Set(C:\Users\Whale\Documents\Gitprojects\ToolsEXchange\app\models\User.java)
Removed products: Set()
External API changes: API Changes: Set()
Modified binary dependencies: Set()
Initial directly invalidated sources: Set(C:\Users\Whale\Documents\Gitprojects\ToolsEXchange\app\models\Account.java, C:\Users\Whale\Documents\Gitprojects\ToolsEXchange\app\models\Admin.java, C:\Users\Whale\Documents\Gitprojects\ToolsEXchange\app\models\Tool.java, C:\Users\Whale\Documents\Gitprojects\ToolsEXchange\app\models\User.java)

Sources indirectly invalidated by:
	product: Set()
	binary dep: Set()
	external source: Set()
All initially invalidated sources: Set(C:\Users\Whale\Documents\Gitprojects\ToolsEXchange\app\models\Account.java, C:\Users\Whale\Documents\Gitprojects\ToolsEXchange\app\models\Admin.java, C:\Users\Whale\Documents\Gitprojects\ToolsEXchange\app\models\Tool.java, C:\Users\Whale\Documents\Gitprojects\ToolsEXchange\app\models\User.java)

Read from stdout: Compiling 4 Java sources to C:\Users\Whale\Documents\Gitprojects\ToolsEXchange\target\scala-2.11\classes...
Compiling 4 Java sources to C:\Users\Whale\Documents\Gitprojects\ToolsEXchange\target\scala-2.11\classes...
Read from stdout: C:\Users\Whale\Documents\Gitprojects\ToolsEXchange\app\models\Account.java:13:  error: package models.auth does not exist
C:\Users\Whale\Documents\Gitprojects\ToolsEXchange\app\models\Account.java:13:  error: package models.auth does not exist
Read from stdout: import models.auth.Hash;
Read from stdout: ^
import models.auth.Hash;
                  ^
Read from stdout: C:\Users\Whale\Documents\Gitprojects\ToolsEXchange\app\models\User.java:17:  error: cannot find symbol
C:\Users\Whale\Documents\Gitprojects\ToolsEXchange\app\models\User.java:17:  error: cannot find symbol
Read from stdout: public string email;
Read from stdout: ^
    public string email;
           ^
Read from stdout: (compile:compileIncremental) javac returned nonzero exit code
(compile:compileIncremental) javac returned nonzero exit code
Total time: 1 s, completed Nov 14, 2015 12:42:10 AM
> server-post-command-error-handler
> server-post-command-cleanup
> server-handle-next-server-request
> {file:/C:/Users/Whale/Documents/Gitprojects/ToolsEXchange/}root/*:playForkReload
Evaluating tasks: *:playForkReload
Running task... Cancel: sbt.server.ServerTaskCancellation@22a3d5f3, check cycles: false

Initial source changes: 
	removed:Set()
	added: Set(C:\Users\Whale\Documents\Gitprojects\ToolsEXchange\app\models\Account.java, C:\Users\Whale\Documents\Gitprojects\ToolsEXchange\app\models\Admin.java, C:\Users\Whale\Documents\Gitprojects\ToolsEXchange\app\models\Tool.java)
	modified: Set(C:\Users\Whale\Documents\Gitprojects\ToolsEXchange\app\models\User.java)
Removed products: Set()
External API changes: API Changes: Set()
Modified binary dependencies: Set()
Initial directly invalidated sources: Set(C:\Users\Whale\Documents\Gitprojects\ToolsEXchange\app\models\Account.java, C:\Users\Whale\Documents\Gitprojects\ToolsEXchange\app\models\Admin.java, C:\Users\Whale\Documents\Gitprojects\ToolsEXchange\app\models\Tool.java, C:\Users\Whale\Documents\Gitprojects\ToolsEXchange\app\models\User.java)

Sources indirectly invalidated by:
	product: Set()
	binary dep: Set()
	external source: Set()
All initially invalidated sources: Set(C:\Users\Whale\Documents\Gitprojects\ToolsEXchange\app\models\Account.java, C:\Users\Whale\Documents\Gitprojects\ToolsEXchange\app\models\Admin.java, C:\Users\Whale\Documents\Gitprojects\ToolsEXchange\app\models\Tool.java, C:\Users\Whale\Documents\Gitprojects\ToolsEXchange\app\models\User.java)

Read from stdout: Compiling 4 Java sources to C:\Users\Whale\Documents\Gitprojects\ToolsEXchange\target\scala-2.11\classes...
Compiling 4 Java sources to C:\Users\Whale\Documents\Gitprojects\ToolsEXchange\target\scala-2.11\classes...
Read from stdout: C:\Users\Whale\Documents\Gitprojects\ToolsEXchange\app\models\Account.java:13:  error: package models.auth does not exist
C:\Users\Whale\Documents\Gitprojects\ToolsEXchange\app\models\Account.java:13:  error: package models.auth does not exist
Read from stdout: import models.auth.Hash;
Read from stdout: ^
import models.auth.Hash;
                  ^
Read from stdout: C:\Users\Whale\Documents\Gitprojects\ToolsEXchange\app\models\User.java:17:  error: cannot find symbol
C:\Users\Whale\Documents\Gitprojects\ToolsEXchange\app\models\User.java:17:  error: cannot find symbol
Read from stdout: public string email;
Read from stdout: ^
    public string email;
           ^
Total time: 1 s, completed Nov 14, 2015 12:42:11 AM
> server-post-command-cleanup
> server-handle-next-server-request
> compile
Evaluating tasks: compile:compile
Running task... Cancel: sbt.server.ServerTaskCancellation@6a01a738, check cycles: false

Initial source changes: 
	removed:Set()
	added: Set(C:\Users\Whale\Documents\Gitprojects\ToolsEXchange\app\models\Account.java, C:\Users\Whale\Documents\Gitprojects\ToolsEXchange\app\models\Admin.java, C:\Users\Whale\Documents\Gitprojects\ToolsEXchange\app\models\Tool.java)
	modified: Set(C:\Users\Whale\Documents\Gitprojects\ToolsEXchange\app\models\User.java)
Removed products: Set()
External API changes: API Changes: Set()
Modified binary dependencies: Set()
Initial directly invalidated sources: Set(C:\Users\Whale\Documents\Gitprojects\ToolsEXchange\app\models\Account.java, C:\Users\Whale\Documents\Gitprojects\ToolsEXchange\app\models\Admin.java, C:\Users\Whale\Documents\Gitprojects\ToolsEXchange\app\models\Tool.java, C:\Users\Whale\Documents\Gitprojects\ToolsEXchange\app\models\User.java)

Sources indirectly invalidated by:
	product: Set()
	binary dep: Set()
	external source: Set()
All initially invalidated sources: Set(C:\Users\Whale\Documents\Gitprojects\ToolsEXchange\app\models\Account.java, C:\Users\Whale\Documents\Gitprojects\ToolsEXchange\app\models\Admin.java, C:\Users\Whale\Documents\Gitprojects\ToolsEXchange\app\models\Tool.java, C:\Users\Whale\Documents\Gitprojects\ToolsEXchange\app\models\User.java)

Read from stdout: Compiling 4 Java sources to C:\Users\Whale\Documents\Gitprojects\ToolsEXchange\target\scala-2.11\classes...
Compiling 4 Java sources to C:\Users\Whale\Documents\Gitprojects\ToolsEXchange\target\scala-2.11\classes...
Read from stdout: C:\Users\Whale\Documents\Gitprojects\ToolsEXchange\app\models\Account.java:13:  error: illegal character: '#'
C:\Users\Whale\Documents\Gitprojects\ToolsEXchange\app\models\Account.java:13:  error: illegal character: '#'
Read from stdout: #import models.auth.Hash;
Read from stdout: ^
#import models.auth.Hash;
^
Read from stdout: C:\Users\Whale\Documents\Gitprojects\ToolsEXchange\app\models\Account.java:13:  error: class, interface, or enum expected
C:\Users\Whale\Documents\Gitprojects\ToolsEXchange\app\models\Account.java:13:  error: class, interface, or enum expected
Read from stdout: #import models.auth.Hash;
Read from stdout: ^
#import models.auth.Hash;
        ^
Read from stdout: (compile:compileIncremental) javac returned nonzero exit code
(compile:compileIncremental) javac returned nonzero exit code
Total time: 1 s, completed Nov 14, 2015 12:42:34 AM
> server-post-command-error-handler
> server-post-command-cleanup
> server-handle-next-server-request
> {file:/C:/Users/Whale/Documents/Gitprojects/ToolsEXchange/}root/*:playForkReload
Evaluating tasks: *:playForkReload
Running task... Cancel: sbt.server.ServerTaskCancellation@2de3f8b3, check cycles: false

Initial source changes: 
	removed:Set()
	added: Set(C:\Users\Whale\Documents\Gitprojects\ToolsEXchange\app\models\Account.java, C:\Users\Whale\Documents\Gitprojects\ToolsEXchange\app\models\Admin.java, C:\Users\Whale\Documents\Gitprojects\ToolsEXchange\app\models\Tool.java)
	modified: Set(C:\Users\Whale\Documents\Gitprojects\ToolsEXchange\app\models\User.java)
Removed products: Set()
External API changes: API Changes: Set()
Modified binary dependencies: Set()
Initial directly invalidated sources: Set(C:\Users\Whale\Documents\Gitprojects\ToolsEXchange\app\models\Account.java, C:\Users\Whale\Documents\Gitprojects\ToolsEXchange\app\models\Admin.java, C:\Users\Whale\Documents\Gitprojects\ToolsEXchange\app\models\Tool.java, C:\Users\Whale\Documents\Gitprojects\ToolsEXchange\app\models\User.java)

Sources indirectly invalidated by:
	product: Set()
	binary dep: Set()
	external source: Set()
All initially invalidated sources: Set(C:\Users\Whale\Documents\Gitprojects\ToolsEXchange\app\models\Account.java, C:\Users\Whale\Documents\Gitprojects\ToolsEXchange\app\models\Admin.java, C:\Users\Whale\Documents\Gitprojects\ToolsEXchange\app\models\Tool.java, C:\Users\Whale\Documents\Gitprojects\ToolsEXchange\app\models\User.java)

Read from stdout: Compiling 4 Java sources to C:\Users\Whale\Documents\Gitprojects\ToolsEXchange\target\scala-2.11\classes...
Compiling 4 Java sources to C:\Users\Whale\Documents\Gitprojects\ToolsEXchange\target\scala-2.11\classes...
Read from stdout: C:\Users\Whale\Documents\Gitprojects\ToolsEXchange\app\models\Account.java:13:  error: illegal character: '#'
C:\Users\Whale\Documents\Gitprojects\ToolsEXchange\app\models\Account.java:13:  error: illegal character: '#'
Read from stdout: #import models.auth.Hash;
Read from stdout: ^
#import models.auth.Hash;
^
Read from stdout: C:\Users\Whale\Documents\Gitprojects\ToolsEXchange\app\models\Account.java:13:  error: class, interface, or enum expected
C:\Users\Whale\Documents\Gitprojects\ToolsEXchange\app\models\Account.java:13:  error: class, interface, or enum expected
Read from stdout: #import models.auth.Hash;
Read from stdout: ^
#import models.auth.Hash;
        ^
Total time: 1 s, completed Nov 14, 2015 12:42:35 AM
> server-post-command-cleanup
> server-handle-next-server-request
> compile
Evaluating tasks: compile:compile
Running task... Cancel: sbt.server.ServerTaskCancellation@1ac37f84, check cycles: false

Initial source changes: 
	removed:Set()
	added: Set(C:\Users\Whale\Documents\Gitprojects\ToolsEXchange\app\models\Account.java, C:\Users\Whale\Documents\Gitprojects\ToolsEXchange\app\models\Admin.java, C:\Users\Whale\Documents\Gitprojects\ToolsEXchange\app\models\Tool.java)
	modified: Set(C:\Users\Whale\Documents\Gitprojects\ToolsEXchange\app\models\User.java)
Removed products: Set()
External API changes: API Changes: Set()
Modified binary dependencies: Set()
Initial directly invalidated sources: Set(C:\Users\Whale\Documents\Gitprojects\ToolsEXchange\app\models\Account.java, C:\Users\Whale\Documents\Gitprojects\ToolsEXchange\app\models\Admin.java, C:\Users\Whale\Documents\Gitprojects\ToolsEXchange\app\models\Tool.java, C:\Users\Whale\Documents\Gitprojects\ToolsEXchange\app\models\User.java)

Sources indirectly invalidated by:
	product: Set()
	binary dep: Set()
	external source: Set()
All initially invalidated sources: Set(C:\Users\Whale\Documents\Gitprojects\ToolsEXchange\app\models\Account.java, C:\Users\Whale\Documents\Gitprojects\ToolsEXchange\app\models\Admin.java, C:\Users\Whale\Documents\Gitprojects\ToolsEXchange\app\models\Tool.java, C:\Users\Whale\Documents\Gitprojects\ToolsEXchange\app\models\User.java)

Read from stdout: Compiling 4 Java sources to C:\Users\Whale\Documents\Gitprojects\ToolsEXchange\target\scala-2.11\classes...
Compiling 4 Java sources to C:\Users\Whale\Documents\Gitprojects\ToolsEXchange\target\scala-2.11\classes...
Read from stdout: C:\Users\Whale\Documents\Gitprojects\ToolsEXchange\app\models\User.java:17:  error: cannot find symbol
C:\Users\Whale\Documents\Gitprojects\ToolsEXchange\app\models\User.java:17:  error: cannot find symbol
Read from stdout: public string email;
Read from stdout: ^
    public string email;
           ^
Read from stdout: (compile:compileIncremental) javac returned nonzero exit code
(compile:compileIncremental) javac returned nonzero exit code
Total time: 1 s, completed Nov 14, 2015 12:42:47 AM
> server-post-command-error-handler
> server-post-command-cleanup
> server-handle-next-server-request
> {file:/C:/Users/Whale/Documents/Gitprojects/ToolsEXchange/}root/*:playForkReload
Evaluating tasks: *:playForkReload
Running task... Cancel: sbt.server.ServerTaskCancellation@205638f5, check cycles: false

Initial source changes: 
	removed:Set()
	added: Set(C:\Users\Whale\Documents\Gitprojects\ToolsEXchange\app\models\Account.java, C:\Users\Whale\Documents\Gitprojects\ToolsEXchange\app\models\Admin.java, C:\Users\Whale\Documents\Gitprojects\ToolsEXchange\app\models\Tool.java)
	modified: Set(C:\Users\Whale\Documents\Gitprojects\ToolsEXchange\app\models\User.java)
Removed products: Set()
External API changes: API Changes: Set()
Modified binary dependencies: Set()
Initial directly invalidated sources: Set(C:\Users\Whale\Documents\Gitprojects\ToolsEXchange\app\models\Account.java, C:\Users\Whale\Documents\Gitprojects\ToolsEXchange\app\models\Admin.java, C:\Users\Whale\Documents\Gitprojects\ToolsEXchange\app\models\Tool.java, C:\Users\Whale\Documents\Gitprojects\ToolsEXchange\app\models\User.java)

Sources indirectly invalidated by:
	product: Set()
	binary dep: Set()
	external source: Set()
All initially invalidated sources: Set(C:\Users\Whale\Documents\Gitprojects\ToolsEXchange\app\models\Account.java, C:\Users\Whale\Documents\Gitprojects\ToolsEXchange\app\models\Admin.java, C:\Users\Whale\Documents\Gitprojects\ToolsEXchange\app\models\Tool.java, C:\Users\Whale\Documents\Gitprojects\ToolsEXchange\app\models\User.java)

Read from stdout: Compiling 4 Java sources to C:\Users\Whale\Documents\Gitprojects\ToolsEXchange\target\scala-2.11\classes...
Compiling 4 Java sources to C:\Users\Whale\Documents\Gitprojects\ToolsEXchange\target\scala-2.11\classes...
Read from stdout: C:\Users\Whale\Documents\Gitprojects\ToolsEXchange\app\models\User.java:17:  error: cannot find symbol
C:\Users\Whale\Documents\Gitprojects\ToolsEXchange\app\models\User.java:17:  error: cannot find symbol
Read from stdout: public string email;
Read from stdout: ^
    public string email;
           ^
Total time: 1 s, completed Nov 14, 2015 12:42:47 AM
> server-post-command-cleanup
> server-handle-next-server-request
> compile
Evaluating tasks: compile:compile
Running task... Cancel: sbt.server.ServerTaskCancellation@35e76c04, check cycles: false

Initial source changes: 
	removed:Set()
	added: Set(C:\Users\Whale\Documents\Gitprojects\ToolsEXchange\app\models\Account.java, C:\Users\Whale\Documents\Gitprojects\ToolsEXchange\app\models\Admin.java, C:\Users\Whale\Documents\Gitprojects\ToolsEXchange\app\models\Tool.java)
	modified: Set(C:\Users\Whale\Documents\Gitprojects\ToolsEXchange\app\models\User.java)
Removed products: Set()
External API changes: API Changes: Set()
Modified binary dependencies: Set()
Initial directly invalidated sources: Set(C:\Users\Whale\Documents\Gitprojects\ToolsEXchange\app\models\Account.java, C:\Users\Whale\Documents\Gitprojects\ToolsEXchange\app\models\Admin.java, C:\Users\Whale\Documents\Gitprojects\ToolsEXchange\app\models\Tool.java, C:\Users\Whale\Documents\Gitprojects\ToolsEXchange\app\models\User.java)

Sources indirectly invalidated by:
	product: Set()
	binary dep: Set()
	external source: Set()
All initially invalidated sources: Set(C:\Users\Whale\Documents\Gitprojects\ToolsEXchange\app\models\Account.java, C:\Users\Whale\Documents\Gitprojects\ToolsEXchange\app\models\Admin.java, C:\Users\Whale\Documents\Gitprojects\ToolsEXchange\app\models\Tool.java, C:\Users\Whale\Documents\Gitprojects\ToolsEXchange\app\models\User.java)

Read from stdout: Compiling 4 Java sources to C:\Users\Whale\Documents\Gitprojects\ToolsEXchange\target\scala-2.11\classes...
Compiling 4 Java sources to C:\Users\Whale\Documents\Gitprojects\ToolsEXchange\target\scala-2.11\classes...
Read from stdout: C:\Users\Whale\Documents\Gitprojects\ToolsEXchange\app\models\Account.java:28:  error: package Constraint does not exist
C:\Users\Whale\Documents\Gitprojects\ToolsEXchange\app\models\Account.java:28:  error: package Constraint does not exist
Read from stdout: @Constraint.Required
Read from stdout: ^
    @Constraint.Required
               ^
Read from stdout: C:\Users\Whale\Documents\Gitprojects\ToolsEXchange\app\models\Account.java:31:  error: package Constraint does not exist
C:\Users\Whale\Documents\Gitprojects\ToolsEXchange\app\models\Account.java:31:  error: package Constraint does not exist
Read from stdout: @Constraint.Required
Read from stdout: ^
    @Constraint.Required
               ^
Read from stdout: (compile:compileIncremental) javac returned nonzero exit code
(compile:compileIncremental) javac returned nonzero exit code
Total time: 1 s, completed Nov 14, 2015 12:43:28 AM
> server-post-command-error-handler
> server-post-command-cleanup
> server-handle-next-server-request
> {file:/C:/Users/Whale/Documents/Gitprojects/ToolsEXchange/}root/*:playForkReload
Evaluating tasks: *:playForkReload
Running task... Cancel: sbt.server.ServerTaskCancellation@455d3831, check cycles: false

Initial source changes: 
	removed:Set()
	added: Set(C:\Users\Whale\Documents\Gitprojects\ToolsEXchange\app\models\Account.java, C:\Users\Whale\Documents\Gitprojects\ToolsEXchange\app\models\Admin.java, C:\Users\Whale\Documents\Gitprojects\ToolsEXchange\app\models\Tool.java)
	modified: Set(C:\Users\Whale\Documents\Gitprojects\ToolsEXchange\app\models\User.java)
Removed products: Set()
External API changes: API Changes: Set()
Modified binary dependencies: Set()
Initial directly invalidated sources: Set(C:\Users\Whale\Documents\Gitprojects\ToolsEXchange\app\models\Account.java, C:\Users\Whale\Documents\Gitprojects\ToolsEXchange\app\models\Admin.java, C:\Users\Whale\Documents\Gitprojects\ToolsEXchange\app\models\Tool.java, C:\Users\Whale\Documents\Gitprojects\ToolsEXchange\app\models\User.java)

Sources indirectly invalidated by:
	product: Set()
	binary dep: Set()
	external source: Set()
All initially invalidated sources: Set(C:\Users\Whale\Documents\Gitprojects\ToolsEXchange\app\models\Account.java, C:\Users\Whale\Documents\Gitprojects\ToolsEXchange\app\models\Admin.java, C:\Users\Whale\Documents\Gitprojects\ToolsEXchange\app\models\Tool.java, C:\Users\Whale\Documents\Gitprojects\ToolsEXchange\app\models\User.java)

Read from stdout: Compiling 4 Java sources to C:\Users\Whale\Documents\Gitprojects\ToolsEXchange\target\scala-2.11\classes...
Compiling 4 Java sources to C:\Users\Whale\Documents\Gitprojects\ToolsEXchange\target\scala-2.11\classes...
Read from stdout: C:\Users\Whale\Documents\Gitprojects\ToolsEXchange\app\models\Account.java:28:  error: package Constraint does not exist
C:\Users\Whale\Documents\Gitprojects\ToolsEXchange\app\models\Account.java:28:  error: package Constraint does not exist
Read from stdout: @Constraint.Required
Read from stdout: ^
    @Constraint.Required
               ^
Read from stdout: C:\Users\Whale\Documents\Gitprojects\ToolsEXchange\app\models\Account.java:31:  error: package Constraint does not exist
C:\Users\Whale\Documents\Gitprojects\ToolsEXchange\app\models\Account.java:31:  error: package Constraint does not exist
Read from stdout: @Constraint.Required
Read from stdout: ^
    @Constraint.Required
               ^
Total time: 1 s, completed Nov 14, 2015 1:01:41 AM
> server-post-command-cleanup
> server-handle-next-server-request
> compile
Evaluating tasks: compile:compile
Running task... Cancel: sbt.server.ServerTaskCancellation@3b2dc339, check cycles: false

Initial source changes: 
	removed:Set()
	added: Set(C:\Users\Whale\Documents\Gitprojects\ToolsEXchange\app\models\Account.java, C:\Users\Whale\Documents\Gitprojects\ToolsEXchange\app\models\Admin.java, C:\Users\Whale\Documents\Gitprojects\ToolsEXchange\app\models\Tool.java)
	modified: Set(C:\Users\Whale\Documents\Gitprojects\ToolsEXchange\app\models\User.java)
Removed products: Set()
External API changes: API Changes: Set()
Modified binary dependencies: Set()
Initial directly invalidated sources: Set(C:\Users\Whale\Documents\Gitprojects\ToolsEXchange\app\models\Account.java, C:\Users\Whale\Documents\Gitprojects\ToolsEXchange\app\models\Admin.java, C:\Users\Whale\Documents\Gitprojects\ToolsEXchange\app\models\Tool.java, C:\Users\Whale\Documents\Gitprojects\ToolsEXchange\app\models\User.java)

Sources indirectly invalidated by:
	product: Set()
	binary dep: Set()
	external source: Set()
All initially invalidated sources: Set(C:\Users\Whale\Documents\Gitprojects\ToolsEXchange\app\models\Account.java, C:\Users\Whale\Documents\Gitprojects\ToolsEXchange\app\models\Admin.java, C:\Users\Whale\Documents\Gitprojects\ToolsEXchange\app\models\Tool.java, C:\Users\Whale\Documents\Gitprojects\ToolsEXchange\app\models\User.java)

Read from stdout: Compiling 4 Java sources to C:\Users\Whale\Documents\Gitprojects\ToolsEXchange\target\scala-2.11\classes...
Compiling 4 Java sources to C:\Users\Whale\Documents\Gitprojects\ToolsEXchange\target\scala-2.11\classes...
Read from stdout: C:\Users\Whale\Documents\Gitprojects\ToolsEXchange\app\models\Account.java:28:  error: package Constraint does not exist
C:\Users\Whale\Documents\Gitprojects\ToolsEXchange\app\models\Account.java:28:  error: package Constraint does not exist
Read from stdout: @Constraint.Required
Read from stdout: ^
    @Constraint.Required
               ^
Read from stdout: C:\Users\Whale\Documents\Gitprojects\ToolsEXchange\app\models\Account.java:31:  error: package Constraint does not exist
C:\Users\Whale\Documents\Gitprojects\ToolsEXchange\app\models\Account.java:31:  error: package Constraint does not exist
Read from stdout: @Constraint.Required
Read from stdout: ^
    @Constraint.Required
               ^
Read from stdout: (compile:compileIncremental) javac returned nonzero exit code
(compile:compileIncremental) javac returned nonzero exit code
Total time: 1 s, completed Nov 14, 2015 1:02:14 AM
> server-post-command-error-handler
> server-post-command-cleanup
> server-handle-next-server-request
> compile
Evaluating tasks: compile:compile
Running task... Cancel: sbt.server.ServerTaskCancellation@5c62554c, check cycles: false

Initial source changes: 
	removed:Set()
	added: Set(C:\Users\Whale\Documents\Gitprojects\ToolsEXchange\app\models\Account.java, C:\Users\Whale\Documents\Gitprojects\ToolsEXchange\app\models\Admin.java, C:\Users\Whale\Documents\Gitprojects\ToolsEXchange\app\models\Tool.java)
	modified: Set(C:\Users\Whale\Documents\Gitprojects\ToolsEXchange\app\models\User.java)
Removed products: Set()
External API changes: API Changes: Set()
Modified binary dependencies: Set()
Initial directly invalidated sources: Set(C:\Users\Whale\Documents\Gitprojects\ToolsEXchange\app\models\Account.java, C:\Users\Whale\Documents\Gitprojects\ToolsEXchange\app\models\Admin.java, C:\Users\Whale\Documents\Gitprojects\ToolsEXchange\app\models\Tool.java, C:\Users\Whale\Documents\Gitprojects\ToolsEXchange\app\models\User.java)

Sources indirectly invalidated by:
	product: Set()
	binary dep: Set()
	external source: Set()
All initially invalidated sources: Set(C:\Users\Whale\Documents\Gitprojects\ToolsEXchange\app\models\Account.java, C:\Users\Whale\Documents\Gitprojects\ToolsEXchange\app\models\Admin.java, C:\Users\Whale\Documents\Gitprojects\ToolsEXchange\app\models\Tool.java, C:\Users\Whale\Documents\Gitprojects\ToolsEXchange\app\models\User.java)

Read from stdout: Compiling 4 Java sources to C:\Users\Whale\Documents\Gitprojects\ToolsEXchange\target\scala-2.11\classes...
Compiling 4 Java sources to C:\Users\Whale\Documents\Gitprojects\ToolsEXchange\target\scala-2.11\classes...
Read from stdout: C:\Users\Whale\Documents\Gitprojects\ToolsEXchange\app\models\Account.java:29:  error: package Constraint does not exist
C:\Users\Whale\Documents\Gitprojects\ToolsEXchange\app\models\Account.java:29:  error: package Constraint does not exist
Read from stdout: @Constraint.Required
Read from stdout: ^
    @Constraint.Required
               ^
Read from stdout: C:\Users\Whale\Documents\Gitprojects\ToolsEXchange\app\models\Account.java:32:  error: package Constraint does not exist
C:\Users\Whale\Documents\Gitprojects\ToolsEXchange\app\models\Account.java:32:  error: package Constraint does not exist
Read from stdout: @Constraint.Required
Read from stdout: ^
    @Constraint.Required
               ^
Read from stdout: (compile:compileIncremental) javac returned nonzero exit code
(compile:compileIncremental) javac returned nonzero exit code
Total time: 1 s, completed Nov 14, 2015 1:03:02 AM
> server-post-command-error-handler
> server-post-command-cleanup
> server-handle-next-server-request
> {file:/C:/Users/Whale/Documents/Gitprojects/ToolsEXchange/}root/*:playForkReload
Evaluating tasks: *:playForkReload
Running task... Cancel: sbt.server.ServerTaskCancellation@74134909, check cycles: false

Initial source changes: 
	removed:Set()
	added: Set(C:\Users\Whale\Documents\Gitprojects\ToolsEXchange\app\models\Account.java, C:\Users\Whale\Documents\Gitprojects\ToolsEXchange\app\models\Admin.java, C:\Users\Whale\Documents\Gitprojects\ToolsEXchange\app\models\Tool.java)
	modified: Set(C:\Users\Whale\Documents\Gitprojects\ToolsEXchange\app\models\User.java)
Removed products: Set()
External API changes: API Changes: Set()
Modified binary dependencies: Set()
Initial directly invalidated sources: Set(C:\Users\Whale\Documents\Gitprojects\ToolsEXchange\app\models\Account.java, C:\Users\Whale\Documents\Gitprojects\ToolsEXchange\app\models\Admin.java, C:\Users\Whale\Documents\Gitprojects\ToolsEXchange\app\models\Tool.java, C:\Users\Whale\Documents\Gitprojects\ToolsEXchange\app\models\User.java)

Sources indirectly invalidated by:
	product: Set()
	binary dep: Set()
	external source: Set()
All initially invalidated sources: Set(C:\Users\Whale\Documents\Gitprojects\ToolsEXchange\app\models\Account.java, C:\Users\Whale\Documents\Gitprojects\ToolsEXchange\app\models\Admin.java, C:\Users\Whale\Documents\Gitprojects\ToolsEXchange\app\models\Tool.java, C:\Users\Whale\Documents\Gitprojects\ToolsEXchange\app\models\User.java)

Read from stdout: Compiling 4 Java sources to C:\Users\Whale\Documents\Gitprojects\ToolsEXchange\target\scala-2.11\classes...
Compiling 4 Java sources to C:\Users\Whale\Documents\Gitprojects\ToolsEXchange\target\scala-2.11\classes...
Read from stdout: C:\Users\Whale\Documents\Gitprojects\ToolsEXchange\app\models\Account.java:29:  error: package Constraint does not exist
C:\Users\Whale\Documents\Gitprojects\ToolsEXchange\app\models\Account.java:29:  error: package Constraint does not exist
Read from stdout: @Constraint.Required
Read from stdout: ^
    @Constraint.Required
               ^
Read from stdout: C:\Users\Whale\Documents\Gitprojects\ToolsEXchange\app\models\Account.java:32:  error: package Constraint does not exist
C:\Users\Whale\Documents\Gitprojects\ToolsEXchange\app\models\Account.java:32:  error: package Constraint does not exist
Read from stdout: @Constraint.Required
Read from stdout: ^
    @Constraint.Required
               ^
Total time: 1 s, completed Nov 14, 2015 1:03:03 AM
> server-post-command-cleanup
> server-handle-next-server-request
> compile
Evaluating tasks: compile:compile
Running task... Cancel: sbt.server.ServerTaskCancellation@3d721e2d, check cycles: false

Initial source changes: 
	removed:Set()
	added: Set(C:\Users\Whale\Documents\Gitprojects\ToolsEXchange\app\models\Account.java, C:\Users\Whale\Documents\Gitprojects\ToolsEXchange\app\models\Admin.java, C:\Users\Whale\Documents\Gitprojects\ToolsEXchange\app\models\Tool.java)
	modified: Set(C:\Users\Whale\Documents\Gitprojects\ToolsEXchange\app\models\User.java)
Removed products: Set()
External API changes: API Changes: Set()
Modified binary dependencies: Set()
Initial directly invalidated sources: Set(C:\Users\Whale\Documents\Gitprojects\ToolsEXchange\app\models\Account.java, C:\Users\Whale\Documents\Gitprojects\ToolsEXchange\app\models\Admin.java, C:\Users\Whale\Documents\Gitprojects\ToolsEXchange\app\models\Tool.java, C:\Users\Whale\Documents\Gitprojects\ToolsEXchange\app\models\User.java)

Sources indirectly invalidated by:
	product: Set()
	binary dep: Set()
	external source: Set()
All initially invalidated sources: Set(C:\Users\Whale\Documents\Gitprojects\ToolsEXchange\app\models\Account.java, C:\Users\Whale\Documents\Gitprojects\ToolsEXchange\app\models\Admin.java, C:\Users\Whale\Documents\Gitprojects\ToolsEXchange\app\models\Tool.java, C:\Users\Whale\Documents\Gitprojects\ToolsEXchange\app\models\User.java)

Read from stdout: Compiling 4 Java sources to C:\Users\Whale\Documents\Gitprojects\ToolsEXchange\target\scala-2.11\classes...
Compiling 4 Java sources to C:\Users\Whale\Documents\Gitprojects\ToolsEXchange\target\scala-2.11\classes...
Read from stdout: C:\Users\Whale\Documents\Gitprojects\ToolsEXchange\app\models\Account.java:29:  error: package Constraint does not exist
C:\Users\Whale\Documents\Gitprojects\ToolsEXchange\app\models\Account.java:29:  error: package Constraint does not exist
Read from stdout: @Constraint.Required
Read from stdout: ^
    @Constraint.Required
               ^
Read from stdout: C:\Users\Whale\Documents\Gitprojects\ToolsEXchange\app\models\Account.java:32:  error: package Constraint does not exist
C:\Users\Whale\Documents\Gitprojects\ToolsEXchange\app\models\Account.java:32:  error: package Constraint does not exist
Read from stdout: @Constraint.Required
Read from stdout: ^
    @Constraint.Required
               ^
Read from stdout: (compile:compileIncremental) javac returned nonzero exit code
(compile:compileIncremental) javac returned nonzero exit code
Total time: 1 s, completed Nov 14, 2015 1:03:53 AM
> server-post-command-error-handler
> server-post-command-cleanup
> server-handle-next-server-request
> compile
Evaluating tasks: compile:compile
Running task... Cancel: sbt.server.ServerTaskCancellation@62c8f6fb, check cycles: false

Initial source changes: 
	removed:Set()
	added: Set(C:\Users\Whale\Documents\Gitprojects\ToolsEXchange\app\models\Account.java, C:\Users\Whale\Documents\Gitprojects\ToolsEXchange\app\models\Admin.java, C:\Users\Whale\Documents\Gitprojects\ToolsEXchange\app\models\Tool.java)
	modified: Set(C:\Users\Whale\Documents\Gitprojects\ToolsEXchange\app\models\User.java)
Removed products: Set()
External API changes: API Changes: Set()
Modified binary dependencies: Set()
Initial directly invalidated sources: Set(C:\Users\Whale\Documents\Gitprojects\ToolsEXchange\app\models\Account.java, C:\Users\Whale\Documents\Gitprojects\ToolsEXchange\app\models\Admin.java, C:\Users\Whale\Documents\Gitprojects\ToolsEXchange\app\models\Tool.java, C:\Users\Whale\Documents\Gitprojects\ToolsEXchange\app\models\User.java)

Sources indirectly invalidated by:
	product: Set()
	binary dep: Set()
	external source: Set()
All initially invalidated sources: Set(C:\Users\Whale\Documents\Gitprojects\ToolsEXchange\app\models\Account.java, C:\Users\Whale\Documents\Gitprojects\ToolsEXchange\app\models\Admin.java, C:\Users\Whale\Documents\Gitprojects\ToolsEXchange\app\models\Tool.java, C:\Users\Whale\Documents\Gitprojects\ToolsEXchange\app\models\User.java)

Read from stdout: Compiling 4 Java sources to C:\Users\Whale\Documents\Gitprojects\ToolsEXchange\target\scala-2.11\classes...
Compiling 4 Java sources to C:\Users\Whale\Documents\Gitprojects\ToolsEXchange\target\scala-2.11\classes...
Java compilation took 0.587757173 s
Java analysis took 0.129782975 s
Java compile + analysis took 0.722409483 s
Invalidating C:\Users\Whale\Documents\Gitprojects\ToolsEXchange\app\models\Account.java...
Invalidating (transitively) by inheritance from C:\Users\Whale\Documents\Gitprojects\ToolsEXchange\app\models\Account.java...
Initial set of included nodes: Set(C:\Users\Whale\Documents\Gitprojects\ToolsEXchange\app\models\Account.java)
Including C:\Users\Whale\Documents\Gitprojects\ToolsEXchange\app\models\User.java by C:\Users\Whale\Documents\Gitprojects\ToolsEXchange\app\models\Account.java
Invalidated by transitive inheritance dependency: Set(C:\Users\Whale\Documents\Gitprojects\ToolsEXchange\app\models\Account.java, C:\Users\Whale\Documents\Gitprojects\ToolsEXchange\app\models\User.java)
The C:\Users\Whale\Documents\Gitprojects\ToolsEXchange\app\models\Account.java source file has the following regular definitions changed:
	notify, first_name, refresh, findFutureRowCount, nextId, wait, Model$Find, email, setId, insert, equals, serverName, findEachWhile, all, findEach, setReadOnly, passwordHash, Model$Finder, db, query, ref, findPagedList, setQuery, byId, setAutofetch, notifyAll, setUseQueryCache, filter, setRawSql, select, getExpressionFactory, setUseCache, <init>, id, on, dateCreated, apply, findSet, last_name, order, findRowCount, orderBy, setMaxRows, delete, findIds, fetch, setLoadBeanCache, toString, markAsDirty, where, setFirstRow, getClass, update, type, save, findList, setForUpdate, hashCode, deleteById, findMap, Account.
All member reference dependencies will be considered within this context.
Name hashing optimization doesn't apply to non-Scala dependency: C:\Users\Whale\Documents\Gitprojects\ToolsEXchange\app\models\Account.java
Name hashing optimization doesn't apply to non-Scala dependency: C:\Users\Whale\Documents\Gitprojects\ToolsEXchange\app\models\User.java
Invalidating C:\Users\Whale\Documents\Gitprojects\ToolsEXchange\app\models\Admin.java...
Invalidating (transitively) by inheritance from C:\Users\Whale\Documents\Gitprojects\ToolsEXchange\app\models\Admin.java...
Initial set of included nodes: Set(C:\Users\Whale\Documents\Gitprojects\ToolsEXchange\app\models\Admin.java)
Invalidated by transitive inheritance dependency: Set(C:\Users\Whale\Documents\Gitprojects\ToolsEXchange\app\models\Admin.java)
The C:\Users\Whale\Documents\Gitprojects\ToolsEXchange\app\models\Admin.java source file has the following regular definitions changed:
	notify, Admin, wait, equals, notifyAll, <init>, toString, getClass, hashCode.
All member reference dependencies will be considered within this context.
Name hashing optimization doesn't apply to non-Scala dependency: C:\Users\Whale\Documents\Gitprojects\ToolsEXchange\app\models\Admin.java
Invalidating C:\Users\Whale\Documents\Gitprojects\ToolsEXchange\app\models\Tool.java...
Invalidating (transitively) by inheritance from C:\Users\Whale\Documents\Gitprojects\ToolsEXchange\app\models\Tool.java...
Initial set of included nodes: Set(C:\Users\Whale\Documents\Gitprojects\ToolsEXchange\app\models\Tool.java)
Invalidated by transitive inheritance dependency: Set(C:\Users\Whale\Documents\Gitprojects\ToolsEXchange\app\models\Tool.java)
The C:\Users\Whale\Documents\Gitprojects\ToolsEXchange\app\models\Tool.java source file has the following regular definitions changed:
	notify, wait, equals, notifyAll, <init>, toString, getClass, Tool, hashCode.
All member reference dependencies will be considered within this context.
Name hashing optimization doesn't apply to non-Scala dependency: C:\Users\Whale\Documents\Gitprojects\ToolsEXchange\app\models\Tool.java
Invalidating C:\Users\Whale\Documents\Gitprojects\ToolsEXchange\app\models\User.java...
Invalidating (transitively) by inheritance from C:\Users\Whale\Documents\Gitprojects\ToolsEXchange\app\models\User.java...
Initial set of included nodes: Set(C:\Users\Whale\Documents\Gitprojects\ToolsEXchange\app\models\User.java)
Invalidated by transitive inheritance dependency: Set(C:\Users\Whale\Documents\Gitprojects\ToolsEXchange\app\models\User.java)
The C:\Users\Whale\Documents\Gitprojects\ToolsEXchange\app\models\User.java source file has the following regular definitions changed:
	first_name, email, passwordHash, id, dateCreated, last_name, User.
All member reference dependencies will be considered within this context.
Name hashing optimization doesn't apply to non-Scala dependency: C:\Users\Whale\Documents\Gitprojects\ToolsEXchange\app\models\User.java
New invalidations:
	Set()
Initial set of included nodes: Set()
Previously invalidated, but (transitively) depend on new invalidations:
	Set()
All newly invalidated sources after taking into account (previously) recompiled sources:Set()
Total time: 1 s, completed Nov 14, 2015 1:04:08 AM
> server-post-command-cleanup
> server-handle-next-server-request
> {file:/C:/Users/Whale/Documents/Gitprojects/ToolsEXchange/}root/*:playForkReload
Evaluating tasks: *:playForkReload
Running task... Cancel: sbt.server.ServerTaskCancellation@2c245f39, check cycles: false

Initial source changes: 
	removed:Set()
	added: Set()
	modified: Set()
Removed products: Set()
External API changes: API Changes: Set()
Modified binary dependencies: Set()
Initial directly invalidated sources: Set()

Sources indirectly invalidated by:
	product: Set()
	binary dep: Set()
	external source: Set()
All initially invalidated sources: Set()

Copy resource mappings: 
	(C:\Users\Whale\Documents\Gitprojects\ToolsEXchange\conf\application.conf,C:\Users\Whale\Documents\Gitprojects\ToolsEXchange\target\scala-2.11\classes\application.conf)
	(C:\Users\Whale\Documents\Gitprojects\ToolsEXchange\conf\logback.xml,C:\Users\Whale\Documents\Gitprojects\ToolsEXchange\target\scala-2.11\classes\logback.xml)
	(C:\Users\Whale\Documents\Gitprojects\ToolsEXchange\conf\routes,C:\Users\Whale\Documents\Gitprojects\ToolsEXchange\target\scala-2.11\classes\routes)
Total time: 0 s, completed Nov 14, 2015 1:04:08 AM
> server-post-command-cleanup
> server-handle-next-server-request
> {file:/C:/Users/Whale/Documents/Gitprojects/ToolsEXchange/}root/*:playForkReload
Evaluating tasks: *:playForkReload
Running task... Cancel: sbt.server.ServerTaskCancellation@5a2d407b, check cycles: false

Initial source changes: 
	removed:Set()
	added: Set()
	modified: Set()
Removed products: Set()
External API changes: API Changes: Set()
Modified binary dependencies: Set()
Initial directly invalidated sources: Set()

Sources indirectly invalidated by:
	product: Set()
	binary dep: Set()
	external source: Set()
All initially invalidated sources: Set()

Copy resource mappings: 
	(C:\Users\Whale\Documents\Gitprojects\ToolsEXchange\conf\application.conf,C:\Users\Whale\Documents\Gitprojects\ToolsEXchange\target\scala-2.11\classes\application.conf)
	(C:\Users\Whale\Documents\Gitprojects\ToolsEXchange\conf\evolutions,C:\Users\Whale\Documents\Gitprojects\ToolsEXchange\target\scala-2.11\classes\evolutions)
	(C:\Users\Whale\Documents\Gitprojects\ToolsEXchange\conf\logback.xml,C:\Users\Whale\Documents\Gitprojects\ToolsEXchange\target\scala-2.11\classes\logback.xml)
	(C:\Users\Whale\Documents\Gitprojects\ToolsEXchange\conf\routes,C:\Users\Whale\Documents\Gitprojects\ToolsEXchange\target\scala-2.11\classes\routes)
	(C:\Users\Whale\Documents\Gitprojects\ToolsEXchange\conf\evolutions\default,C:\Users\Whale\Documents\Gitprojects\ToolsEXchange\target\scala-2.11\classes\evolutions\default)
	(C:\Users\Whale\Documents\Gitprojects\ToolsEXchange\conf\evolutions\default\1.sql,C:\Users\Whale\Documents\Gitprojects\ToolsEXchange\target\scala-2.11\classes\evolutions\default\1.sql)
Total time: 0 s, completed Nov 14, 2015 1:04:35 AM
> server-post-command-cleanup
> server-handle-next-server-request
> jobStop 1
Evaluating tasks: *:jobStop
Running task... Cancel: sbt.server.ServerTaskCancellation@291c84fc, check cycles: false
Total time: 0 s, completed Nov 14, 2015 1:11:56 AM
> server-post-command-cleanup
> server-handle-next-server-request
